TN:
SF:src/index.js
FN:5,NovaApi
FN:10,get public
FN:14,get users
FNF:3
FNH:3
FNDA:2,NovaApi
FNDA:1,get public
FNDA:1,get users
DA:1,1
DA:2,1
DA:3,1
DA:4,1
DA:5,1
DA:6,2
DA:7,2
DA:8,2
DA:9,1
DA:10,1
DA:11,1
DA:12,1
DA:13,1
DA:14,1
DA:15,1
DA:16,1
DA:17,1
DA:18,1
DA:19,1
LF:19
LH:19
BRDA:5,0,0,2
BRDA:10,1,0,1
BRDA:14,2,0,1
BRF:3
BRH:3
end_of_record
TN:
SF:src/resources/base.js
FN:6,<instance_members_initializer>
FN:11,Base
FN:17,get baseUrl
FN:29,doGet
FN:41,doPost
FNF:5
FNH:5
FNDA:9,<instance_members_initializer>
FNDA:9,Base
FNDA:13,get baseUrl
FNDA:3,doGet
FNDA:2,doPost
DA:1,1
DA:2,1
DA:3,1
DA:4,1
DA:5,1
DA:6,1
DA:7,9
DA:8,9
DA:9,9
DA:10,9
DA:11,9
DA:12,9
DA:13,9
DA:14,9
DA:15,9
DA:16,9
DA:17,9
DA:18,13
DA:19,1
DA:20,1
DA:21,12
DA:22,13
DA:23,1
DA:24,1
DA:25,11
DA:26,13
DA:27,13
DA:28,9
DA:29,9
DA:30,3
DA:31,3
DA:32,3
DA:33,3
DA:34,3
DA:35,2
DA:36,2
DA:37,3
DA:38,3
DA:39,3
DA:40,9
DA:41,9
DA:42,2
DA:43,2
DA:44,2
DA:45,2
DA:46,9
LF:46
LH:46
BRDA:6,0,0,9
BRDA:11,1,0,9
BRDA:17,2,0,13
BRDA:18,3,0,1
BRDA:20,4,0,12
BRDA:22,5,0,1
BRDA:24,6,0,11
BRDA:26,7,0,0
BRDA:26,8,0,11
BRDA:29,9,0,3
BRDA:30,10,0,0
BRDA:34,11,0,2
BRDA:41,12,0,2
BRDA:42,13,0,0
BRF:14
BRH:11
end_of_record
TN:
SF:src/resources/public.js
FN:6,signIn
FNF:1
FNH:1
FNDA:1,signIn
DA:1,1
DA:2,1
DA:3,1
DA:4,1
DA:5,1
DA:6,1
DA:7,1
DA:8,1
DA:9,1
LF:9
LH:9
BRDA:6,0,0,1
BRF:1
BRH:1
end_of_record
TN:
SF:src/resources/users.js
FN:6,Users
FN:10,signIn
FN:14,subdomains
FNF:3
FNH:3
FNDA:3,Users
FNDA:1,signIn
FNDA:1,subdomains
DA:1,1
DA:2,1
DA:3,1
DA:4,1
DA:5,1
DA:6,1
DA:7,3
DA:8,3
DA:9,1
DA:10,1
DA:11,1
DA:12,1
DA:13,1
DA:14,1
DA:15,1
DA:16,1
DA:17,1
LF:17
LH:17
BRDA:6,0,0,3
BRDA:10,1,0,1
BRDA:14,2,0,1
BRF:3
BRH:3
end_of_record
